[2022-07-26 10:08:00,045] {taskinstance.py:1179} INFO - Dependencies all met for <TaskInstance: example_bash_operator.also_run_this scheduled__2022-07-25T00:00:00+00:00 [queued]>
[2022-07-26 10:08:02,113] {taskinstance.py:1179} INFO - Dependencies all met for <TaskInstance: example_bash_operator.also_run_this scheduled__2022-07-25T00:00:00+00:00 [queued]>
[2022-07-26 10:08:02,466] {taskinstance.py:1376} INFO - 
--------------------------------------------------------------------------------
[2022-07-26 10:08:02,488] {taskinstance.py:1377} INFO - Starting attempt 2 of 1
[2022-07-26 10:08:02,569] {taskinstance.py:1378} INFO - 
--------------------------------------------------------------------------------
[2022-07-26 10:08:05,359] {taskinstance.py:1397} INFO - Executing <Task(BashOperator): also_run_this> on 2022-07-25 00:00:00+00:00
[2022-07-26 10:08:06,471] {standard_task_runner.py:52} INFO - Started process 1767 to run task
[2022-07-26 10:08:07,359] {standard_task_runner.py:79} INFO - Running: ['***', 'tasks', 'run', 'example_bash_operator', 'also_run_this', 'scheduled__2022-07-25T00:00:00+00:00', '--job-id', '80', '--raw', '--subdir', '/home/***/.local/lib/python3.7/site-packages/***/example_dags/example_bash_operator.py', '--cfg-path', '/tmp/tmpynhzkod2', '--error-file', '/tmp/tmpa5vdo5tt']
[2022-07-26 10:08:07,689] {standard_task_runner.py:80} INFO - Job 80: Subtask also_run_this
[2022-07-26 10:10:25,849] {task_command.py:371} INFO - Running <TaskInstance: example_bash_operator.also_run_this scheduled__2022-07-25T00:00:00+00:00 [running]> on host df4c441a8258
[2022-07-26 10:10:29,423] {taskinstance.py:1591} INFO - Exporting the following env vars:
AIRFLOW_CTX_DAG_OWNER=***
AIRFLOW_CTX_DAG_ID=example_bash_operator
AIRFLOW_CTX_TASK_ID=also_run_this
AIRFLOW_CTX_EXECUTION_DATE=2022-07-25T00:00:00+00:00
AIRFLOW_CTX_TRY_NUMBER=2
AIRFLOW_CTX_DAG_RUN_ID=scheduled__2022-07-25T00:00:00+00:00
[2022-07-26 10:10:29,433] {subprocess.py:62} INFO - Tmp dir root location: 
 /tmp
[2022-07-26 10:10:29,463] {subprocess.py:74} INFO - Running command: ['bash', '-c', 'echo "run_id=scheduled__2022-07-25T00:00:00+00:00 | dag_run=<DagRun example_bash_operator @ 2022-07-25 00:00:00+00:00: scheduled__2022-07-25T00:00:00+00:00, externally triggered: False>"']
[2022-07-26 10:10:30,067] {subprocess.py:85} INFO - Output:
[2022-07-26 10:10:30,275] {subprocess.py:92} INFO - run_id=scheduled__2022-07-25T00:00:00+00:00 | dag_run=<DagRun example_bash_operator @ 2022-07-25 00:00:00+00:00: scheduled__2022-07-25T00:00:00+00:00, externally triggered: False>
[2022-07-26 10:10:30,285] {subprocess.py:96} INFO - Command exited with return code 0
[2022-07-26 10:10:30,569] {taskinstance.py:1420} INFO - Marking task as SUCCESS. dag_id=example_bash_operator, task_id=also_run_this, execution_date=20220725T000000, start_date=20220726T100800, end_date=20220726T101030
[2022-07-26 10:10:31,132] {local_task_job.py:156} INFO - Task exited with return code 0
[2022-07-26 10:10:49,559] {local_task_job.py:273} INFO - 0 downstream tasks scheduled from follow-on schedule check
