[2022-07-26 10:08:28,405] {taskinstance.py:1179} INFO - Dependencies all met for <TaskInstance: example_bash_operator.runme_0 scheduled__2022-07-25T00:00:00+00:00 [queued]>
[2022-07-26 10:08:28,682] {taskinstance.py:1179} INFO - Dependencies all met for <TaskInstance: example_bash_operator.runme_0 scheduled__2022-07-25T00:00:00+00:00 [queued]>
[2022-07-26 10:08:28,703] {taskinstance.py:1376} INFO - 
--------------------------------------------------------------------------------
[2022-07-26 10:08:28,719] {taskinstance.py:1377} INFO - Starting attempt 2 of 1
[2022-07-26 10:08:28,736] {taskinstance.py:1378} INFO - 
--------------------------------------------------------------------------------
[2022-07-26 10:08:37,288] {taskinstance.py:1397} INFO - Executing <Task(BashOperator): runme_0> on 2022-07-25 00:00:00+00:00
[2022-07-26 10:08:38,526] {standard_task_runner.py:52} INFO - Started process 1792 to run task
[2022-07-26 10:08:38,992] {standard_task_runner.py:79} INFO - Running: ['***', 'tasks', 'run', 'example_bash_operator', 'runme_0', 'scheduled__2022-07-25T00:00:00+00:00', '--job-id', '79', '--raw', '--subdir', '/home/***/.local/lib/python3.7/site-packages/***/example_dags/example_bash_operator.py', '--cfg-path', '/tmp/tmp6696rqww', '--error-file', '/tmp/tmp9evlzgu7']
[2022-07-26 10:08:39,621] {standard_task_runner.py:80} INFO - Job 79: Subtask runme_0
[2022-07-26 10:10:30,044] {task_command.py:371} INFO - Running <TaskInstance: example_bash_operator.runme_0 scheduled__2022-07-25T00:00:00+00:00 [running]> on host df4c441a8258
[2022-07-26 10:10:32,310] {taskinstance.py:1591} INFO - Exporting the following env vars:
AIRFLOW_CTX_DAG_OWNER=***
AIRFLOW_CTX_DAG_ID=example_bash_operator
AIRFLOW_CTX_TASK_ID=runme_0
AIRFLOW_CTX_EXECUTION_DATE=2022-07-25T00:00:00+00:00
AIRFLOW_CTX_TRY_NUMBER=2
AIRFLOW_CTX_DAG_RUN_ID=scheduled__2022-07-25T00:00:00+00:00
[2022-07-26 10:10:32,407] {subprocess.py:62} INFO - Tmp dir root location: 
 /tmp
[2022-07-26 10:10:32,445] {subprocess.py:74} INFO - Running command: ['bash', '-c', 'echo "example_bash_operator__runme_0__20220725" && sleep 1']
[2022-07-26 10:10:32,965] {subprocess.py:85} INFO - Output:
[2022-07-26 10:10:33,303] {subprocess.py:92} INFO - example_bash_operator__runme_0__20220725
[2022-07-26 10:10:35,452] {subprocess.py:96} INFO - Command exited with return code 0
[2022-07-26 10:10:49,722] {taskinstance.py:1420} INFO - Marking task as SUCCESS. dag_id=example_bash_operator, task_id=runme_0, execution_date=20220725T000000, start_date=20220726T100828, end_date=20220726T101049
[2022-07-26 10:10:50,232] {local_task_job.py:156} INFO - Task exited with return code 0
[2022-07-26 10:10:51,616] {local_task_job.py:273} INFO - 0 downstream tasks scheduled from follow-on schedule check
