[2022-07-26 10:08:40,869] {taskinstance.py:1179} INFO - Dependencies all met for <TaskInstance: example_bash_operator.runme_2 scheduled__2022-07-25T00:00:00+00:00 [queued]>
[2022-07-26 10:08:42,297] {taskinstance.py:1179} INFO - Dependencies all met for <TaskInstance: example_bash_operator.runme_2 scheduled__2022-07-25T00:00:00+00:00 [queued]>
[2022-07-26 10:08:42,356] {taskinstance.py:1376} INFO - 
--------------------------------------------------------------------------------
[2022-07-26 10:08:42,372] {taskinstance.py:1377} INFO - Starting attempt 2 of 1
[2022-07-26 10:08:42,422] {taskinstance.py:1378} INFO - 
--------------------------------------------------------------------------------
[2022-07-26 10:08:47,642] {taskinstance.py:1397} INFO - Executing <Task(BashOperator): runme_2> on 2022-07-25 00:00:00+00:00
[2022-07-26 10:08:53,214] {standard_task_runner.py:52} INFO - Started process 1801 to run task
[2022-07-26 10:08:55,602] {standard_task_runner.py:79} INFO - Running: ['***', 'tasks', 'run', 'example_bash_operator', 'runme_2', 'scheduled__2022-07-25T00:00:00+00:00', '--job-id', '82', '--raw', '--subdir', '/home/***/.local/lib/python3.7/site-packages/***/example_dags/example_bash_operator.py', '--cfg-path', '/tmp/tmpos1c8fvj', '--error-file', '/tmp/tmp2rynv65f']
[2022-07-26 10:08:56,260] {standard_task_runner.py:80} INFO - Job 82: Subtask runme_2
[2022-07-26 10:10:47,715] {task_command.py:371} INFO - Running <TaskInstance: example_bash_operator.runme_2 scheduled__2022-07-25T00:00:00+00:00 [running]> on host df4c441a8258
[2022-07-26 10:10:50,225] {taskinstance.py:1591} INFO - Exporting the following env vars:
AIRFLOW_CTX_DAG_OWNER=***
AIRFLOW_CTX_DAG_ID=example_bash_operator
AIRFLOW_CTX_TASK_ID=runme_2
AIRFLOW_CTX_EXECUTION_DATE=2022-07-25T00:00:00+00:00
AIRFLOW_CTX_TRY_NUMBER=2
AIRFLOW_CTX_DAG_RUN_ID=scheduled__2022-07-25T00:00:00+00:00
[2022-07-26 10:10:50,229] {subprocess.py:62} INFO - Tmp dir root location: 
 /tmp
[2022-07-26 10:10:50,233] {subprocess.py:74} INFO - Running command: ['bash', '-c', 'echo "example_bash_operator__runme_2__20220725" && sleep 1']
[2022-07-26 10:10:50,302] {subprocess.py:85} INFO - Output:
[2022-07-26 10:10:50,318] {subprocess.py:92} INFO - example_bash_operator__runme_2__20220725
[2022-07-26 10:10:51,326] {subprocess.py:96} INFO - Command exited with return code 0
[2022-07-26 10:10:51,651] {taskinstance.py:1420} INFO - Marking task as SUCCESS. dag_id=example_bash_operator, task_id=runme_2, execution_date=20220725T000000, start_date=20220726T100840, end_date=20220726T101051
[2022-07-26 10:10:51,889] {local_task_job.py:156} INFO - Task exited with return code 0
[2022-07-26 10:10:56,642] {local_task_job.py:273} INFO - 0 downstream tasks scheduled from follow-on schedule check
