[2022-07-26 10:07:00,420] {taskinstance.py:1179} INFO - Dependencies all met for <TaskInstance: example_bash_operator.runme_1 manual__2022-07-26T10:04:19.324850+00:00 [queued]>
[2022-07-26 10:07:00,973] {taskinstance.py:1179} INFO - Dependencies all met for <TaskInstance: example_bash_operator.runme_1 manual__2022-07-26T10:04:19.324850+00:00 [queued]>
[2022-07-26 10:07:01,004] {taskinstance.py:1376} INFO - 
--------------------------------------------------------------------------------
[2022-07-26 10:07:01,007] {taskinstance.py:1377} INFO - Starting attempt 1 of 1
[2022-07-26 10:07:01,011] {taskinstance.py:1378} INFO - 
--------------------------------------------------------------------------------
[2022-07-26 10:07:02,176] {taskinstance.py:1397} INFO - Executing <Task(BashOperator): runme_1> on 2022-07-26 10:04:19.324850+00:00
[2022-07-26 10:07:24,563] {standard_task_runner.py:52} INFO - Started process 1743 to run task
[2022-07-26 10:07:31,588] {standard_task_runner.py:79} INFO - Running: ['***', 'tasks', 'run', 'example_bash_operator', 'runme_1', 'manual__2022-07-26T10:04:19.324850+00:00', '--job-id', '76', '--raw', '--subdir', '/home/***/.local/lib/python3.7/site-packages/***/example_dags/example_bash_operator.py', '--cfg-path', '/tmp/tmp97d33bc5', '--error-file', '/tmp/tmphzdf8djs']
[2022-07-26 10:07:31,961] {standard_task_runner.py:80} INFO - Job 76: Subtask runme_1
[2022-07-26 10:10:25,433] {task_command.py:371} INFO - Running <TaskInstance: example_bash_operator.runme_1 manual__2022-07-26T10:04:19.324850+00:00 [running]> on host df4c441a8258
[2022-07-26 10:10:30,255] {taskinstance.py:1591} INFO - Exporting the following env vars:
AIRFLOW_CTX_DAG_OWNER=***
AIRFLOW_CTX_DAG_ID=example_bash_operator
AIRFLOW_CTX_TASK_ID=runme_1
AIRFLOW_CTX_EXECUTION_DATE=2022-07-26T10:04:19.324850+00:00
AIRFLOW_CTX_TRY_NUMBER=1
AIRFLOW_CTX_DAG_RUN_ID=manual__2022-07-26T10:04:19.324850+00:00
[2022-07-26 10:10:30,281] {subprocess.py:62} INFO - Tmp dir root location: 
 /tmp
[2022-07-26 10:10:30,307] {subprocess.py:74} INFO - Running command: ['bash', '-c', 'echo "example_bash_operator__runme_1__20220726" && sleep 1']
[2022-07-26 10:10:30,538] {subprocess.py:85} INFO - Output:
[2022-07-26 10:10:30,552] {subprocess.py:92} INFO - example_bash_operator__runme_1__20220726
[2022-07-26 10:10:31,680] {subprocess.py:96} INFO - Command exited with return code 0
[2022-07-26 10:10:32,441] {taskinstance.py:1420} INFO - Marking task as SUCCESS. dag_id=example_bash_operator, task_id=runme_1, execution_date=20220726T100419, start_date=20220726T100700, end_date=20220726T101032
[2022-07-26 10:10:33,648] {local_task_job.py:156} INFO - Task exited with return code 0
[2022-07-26 10:10:51,867] {local_task_job.py:273} INFO - 0 downstream tasks scheduled from follow-on schedule check
