[2022-07-26 10:08:56,776] {taskinstance.py:1179} INFO - Dependencies all met for <TaskInstance: example_bash_operator.runme_1 scheduled__2022-07-25T00:00:00+00:00 [queued]>
[2022-07-26 10:09:02,714] {taskinstance.py:1179} INFO - Dependencies all met for <TaskInstance: example_bash_operator.runme_1 scheduled__2022-07-25T00:00:00+00:00 [queued]>
[2022-07-26 10:09:02,812] {taskinstance.py:1376} INFO - 
--------------------------------------------------------------------------------
[2022-07-26 10:09:02,825] {taskinstance.py:1377} INFO - Starting attempt 2 of 1
[2022-07-26 10:09:02,827] {taskinstance.py:1378} INFO - 
--------------------------------------------------------------------------------
[2022-07-26 10:09:06,588] {taskinstance.py:1397} INFO - Executing <Task(BashOperator): runme_1> on 2022-07-25 00:00:00+00:00
[2022-07-26 10:09:08,281] {standard_task_runner.py:52} INFO - Started process 1815 to run task
[2022-07-26 10:09:11,270] {standard_task_runner.py:79} INFO - Running: ['***', 'tasks', 'run', 'example_bash_operator', 'runme_1', 'scheduled__2022-07-25T00:00:00+00:00', '--job-id', '83', '--raw', '--subdir', '/home/***/.local/lib/python3.7/site-packages/***/example_dags/example_bash_operator.py', '--cfg-path', '/tmp/tmpoxwol5a6', '--error-file', '/tmp/tmpme61fg32']
[2022-07-26 10:09:12,008] {standard_task_runner.py:80} INFO - Job 83: Subtask runme_1
[2022-07-26 10:10:46,260] {task_command.py:371} INFO - Running <TaskInstance: example_bash_operator.runme_1 scheduled__2022-07-25T00:00:00+00:00 [running]> on host df4c441a8258
[2022-07-26 10:10:50,440] {taskinstance.py:1591} INFO - Exporting the following env vars:
AIRFLOW_CTX_DAG_OWNER=***
AIRFLOW_CTX_DAG_ID=example_bash_operator
AIRFLOW_CTX_TASK_ID=runme_1
AIRFLOW_CTX_EXECUTION_DATE=2022-07-25T00:00:00+00:00
AIRFLOW_CTX_TRY_NUMBER=2
AIRFLOW_CTX_DAG_RUN_ID=scheduled__2022-07-25T00:00:00+00:00
[2022-07-26 10:10:50,460] {subprocess.py:62} INFO - Tmp dir root location: 
 /tmp
[2022-07-26 10:10:50,465] {subprocess.py:74} INFO - Running command: ['bash', '-c', 'echo "example_bash_operator__runme_1__20220725" && sleep 1']
[2022-07-26 10:10:50,567] {subprocess.py:85} INFO - Output:
[2022-07-26 10:10:50,576] {subprocess.py:92} INFO - example_bash_operator__runme_1__20220725
[2022-07-26 10:10:51,603] {subprocess.py:96} INFO - Command exited with return code 0
[2022-07-26 10:10:51,754] {taskinstance.py:1420} INFO - Marking task as SUCCESS. dag_id=example_bash_operator, task_id=runme_1, execution_date=20220725T000000, start_date=20220726T100857, end_date=20220726T101051
[2022-07-26 10:10:52,061] {local_task_job.py:221} WARNING - State of this instance has been externally set to success. Terminating instance.
[2022-07-26 10:10:52,081] {process_utils.py:129} INFO - Sending Signals.SIGTERM to group 1815. PIDs of all processes in the group: [1815]
[2022-07-26 10:10:52,084] {process_utils.py:80} INFO - Sending the signal Signals.SIGTERM to group 1815
[2022-07-26 10:10:52,203] {process_utils.py:75} INFO - Process psutil.Process(pid=1815, status='terminated', exitcode=0, started='10:09:07') (1815) terminated with exit code 0
