[2022-07-26 10:06:46,266] {taskinstance.py:1179} INFO - Dependencies all met for <TaskInstance: example_bash_operator.runme_0 manual__2022-07-26T10:04:19.324850+00:00 [queued]>
[2022-07-26 10:06:47,865] {taskinstance.py:1179} INFO - Dependencies all met for <TaskInstance: example_bash_operator.runme_0 manual__2022-07-26T10:04:19.324850+00:00 [queued]>
[2022-07-26 10:06:47,922] {taskinstance.py:1376} INFO - 
--------------------------------------------------------------------------------
[2022-07-26 10:06:47,933] {taskinstance.py:1377} INFO - Starting attempt 1 of 1
[2022-07-26 10:06:47,935] {taskinstance.py:1378} INFO - 
--------------------------------------------------------------------------------
[2022-07-26 10:06:50,052] {taskinstance.py:1397} INFO - Executing <Task(BashOperator): runme_0> on 2022-07-26 10:04:19.324850+00:00
[2022-07-26 10:06:55,184] {standard_task_runner.py:52} INFO - Started process 1714 to run task
[2022-07-26 10:06:55,826] {standard_task_runner.py:79} INFO - Running: ['***', 'tasks', 'run', 'example_bash_operator', 'runme_0', 'manual__2022-07-26T10:04:19.324850+00:00', '--job-id', '74', '--raw', '--subdir', '/home/***/.local/lib/python3.7/site-packages/***/example_dags/example_bash_operator.py', '--cfg-path', '/tmp/tmpkj8d7e0f', '--error-file', '/tmp/tmpat0i8mo3']
[2022-07-26 10:06:56,205] {standard_task_runner.py:80} INFO - Job 74: Subtask runme_0
[2022-07-26 10:10:03,928] {task_command.py:371} INFO - Running <TaskInstance: example_bash_operator.runme_0 manual__2022-07-26T10:04:19.324850+00:00 [running]> on host df4c441a8258
[2022-07-26 10:10:30,100] {taskinstance.py:1591} INFO - Exporting the following env vars:
AIRFLOW_CTX_DAG_OWNER=***
AIRFLOW_CTX_DAG_ID=example_bash_operator
AIRFLOW_CTX_TASK_ID=runme_0
AIRFLOW_CTX_EXECUTION_DATE=2022-07-26T10:04:19.324850+00:00
AIRFLOW_CTX_TRY_NUMBER=1
AIRFLOW_CTX_DAG_RUN_ID=manual__2022-07-26T10:04:19.324850+00:00
[2022-07-26 10:10:30,162] {subprocess.py:62} INFO - Tmp dir root location: 
 /tmp
[2022-07-26 10:10:30,205] {subprocess.py:74} INFO - Running command: ['bash', '-c', 'echo "example_bash_operator__runme_0__20220726" && sleep 1']
[2022-07-26 10:10:30,611] {subprocess.py:85} INFO - Output:
[2022-07-26 10:10:30,637] {subprocess.py:92} INFO - example_bash_operator__runme_0__20220726
[2022-07-26 10:10:31,665] {subprocess.py:96} INFO - Command exited with return code 0
[2022-07-26 10:10:32,726] {taskinstance.py:1420} INFO - Marking task as SUCCESS. dag_id=example_bash_operator, task_id=runme_0, execution_date=20220726T100419, start_date=20220726T100646, end_date=20220726T101032
[2022-07-26 10:10:40,537] {local_task_job.py:221} WARNING - State of this instance has been externally set to success. Terminating instance.
[2022-07-26 10:10:42,402] {process_utils.py:129} INFO - Sending Signals.SIGTERM to group 1714. PIDs of all processes in the group: [1714]
[2022-07-26 10:10:42,418] {process_utils.py:80} INFO - Sending the signal Signals.SIGTERM to group 1714
[2022-07-26 10:10:42,440] {process_utils.py:75} INFO - Process psutil.Process(pid=1714, status='terminated', exitcode=0, started='10:06:54') (1714) terminated with exit code 0
