[2022-07-26 10:11:02,345] {taskinstance.py:1179} INFO - Dependencies all met for <TaskInstance: example_bash_operator.run_after_loop scheduled__2022-07-25T00:00:00+00:00 [queued]>
[2022-07-26 10:11:02,388] {taskinstance.py:1179} INFO - Dependencies all met for <TaskInstance: example_bash_operator.run_after_loop scheduled__2022-07-25T00:00:00+00:00 [queued]>
[2022-07-26 10:11:02,392] {taskinstance.py:1376} INFO - 
--------------------------------------------------------------------------------
[2022-07-26 10:11:02,396] {taskinstance.py:1377} INFO - Starting attempt 1 of 1
[2022-07-26 10:11:02,400] {taskinstance.py:1378} INFO - 
--------------------------------------------------------------------------------
[2022-07-26 10:11:02,469] {taskinstance.py:1397} INFO - Executing <Task(BashOperator): run_after_loop> on 2022-07-25 00:00:00+00:00
[2022-07-26 10:11:02,486] {standard_task_runner.py:52} INFO - Started process 2075 to run task
[2022-07-26 10:11:02,508] {standard_task_runner.py:79} INFO - Running: ['***', 'tasks', 'run', 'example_bash_operator', 'run_after_loop', 'scheduled__2022-07-25T00:00:00+00:00', '--job-id', '85', '--raw', '--subdir', '/home/***/.local/lib/python3.7/site-packages/***/example_dags/example_bash_operator.py', '--cfg-path', '/tmp/tmpcppa2brs', '--error-file', '/tmp/tmpa75964ln']
[2022-07-26 10:11:02,517] {standard_task_runner.py:80} INFO - Job 85: Subtask run_after_loop
[2022-07-26 10:11:03,081] {task_command.py:371} INFO - Running <TaskInstance: example_bash_operator.run_after_loop scheduled__2022-07-25T00:00:00+00:00 [running]> on host df4c441a8258
[2022-07-26 10:11:03,235] {taskinstance.py:1591} INFO - Exporting the following env vars:
AIRFLOW_CTX_DAG_OWNER=***
AIRFLOW_CTX_DAG_ID=example_bash_operator
AIRFLOW_CTX_TASK_ID=run_after_loop
AIRFLOW_CTX_EXECUTION_DATE=2022-07-25T00:00:00+00:00
AIRFLOW_CTX_TRY_NUMBER=1
AIRFLOW_CTX_DAG_RUN_ID=scheduled__2022-07-25T00:00:00+00:00
[2022-07-26 10:11:03,237] {subprocess.py:62} INFO - Tmp dir root location: 
 /tmp
[2022-07-26 10:11:03,238] {subprocess.py:74} INFO - Running command: ['bash', '-c', 'echo 1']
[2022-07-26 10:11:03,256] {subprocess.py:85} INFO - Output:
[2022-07-26 10:11:03,262] {subprocess.py:92} INFO - 1
[2022-07-26 10:11:03,265] {subprocess.py:96} INFO - Command exited with return code 0
[2022-07-26 10:11:03,317] {taskinstance.py:1420} INFO - Marking task as SUCCESS. dag_id=example_bash_operator, task_id=run_after_loop, execution_date=20220725T000000, start_date=20220726T101102, end_date=20220726T101103
[2022-07-26 10:11:03,369] {local_task_job.py:156} INFO - Task exited with return code 0
[2022-07-26 10:11:03,439] {local_task_job.py:273} INFO - 0 downstream tasks scheduled from follow-on schedule check
