[2022-07-26 10:06:42,868] {taskinstance.py:1179} INFO - Dependencies all met for <TaskInstance: example_bash_operator.also_run_this manual__2022-07-26T10:04:19.324850+00:00 [queued]>
[2022-07-26 10:06:43,893] {taskinstance.py:1179} INFO - Dependencies all met for <TaskInstance: example_bash_operator.also_run_this manual__2022-07-26T10:04:19.324850+00:00 [queued]>
[2022-07-26 10:06:43,916] {taskinstance.py:1376} INFO - 
--------------------------------------------------------------------------------
[2022-07-26 10:06:43,920] {taskinstance.py:1377} INFO - Starting attempt 1 of 1
[2022-07-26 10:06:43,931] {taskinstance.py:1378} INFO - 
--------------------------------------------------------------------------------
[2022-07-26 10:06:45,297] {taskinstance.py:1397} INFO - Executing <Task(BashOperator): also_run_this> on 2022-07-26 10:04:19.324850+00:00
[2022-07-26 10:06:45,681] {standard_task_runner.py:52} INFO - Started process 1713 to run task
[2022-07-26 10:06:46,228] {standard_task_runner.py:79} INFO - Running: ['***', 'tasks', 'run', 'example_bash_operator', 'also_run_this', 'manual__2022-07-26T10:04:19.324850+00:00', '--job-id', '75', '--raw', '--subdir', '/home/***/.local/lib/python3.7/site-packages/***/example_dags/example_bash_operator.py', '--cfg-path', '/tmp/tmp4rkhu5v2', '--error-file', '/tmp/tmpfxr0ltdw']
[2022-07-26 10:06:46,477] {standard_task_runner.py:80} INFO - Job 75: Subtask also_run_this
[2022-07-26 10:10:27,048] {task_command.py:371} INFO - Running <TaskInstance: example_bash_operator.also_run_this manual__2022-07-26T10:04:19.324850+00:00 [running]> on host df4c441a8258
[2022-07-26 10:10:30,209] {taskinstance.py:1591} INFO - Exporting the following env vars:
AIRFLOW_CTX_DAG_OWNER=***
AIRFLOW_CTX_DAG_ID=example_bash_operator
AIRFLOW_CTX_TASK_ID=also_run_this
AIRFLOW_CTX_EXECUTION_DATE=2022-07-26T10:04:19.324850+00:00
AIRFLOW_CTX_TRY_NUMBER=1
AIRFLOW_CTX_DAG_RUN_ID=manual__2022-07-26T10:04:19.324850+00:00
[2022-07-26 10:10:30,251] {subprocess.py:62} INFO - Tmp dir root location: 
 /tmp
[2022-07-26 10:10:30,262] {subprocess.py:74} INFO - Running command: ['bash', '-c', 'echo "run_id=manual__2022-07-26T10:04:19.324850+00:00 | dag_run=<DagRun example_bash_operator @ 2022-07-26 10:04:19.324850+00:00: manual__2022-07-26T10:04:19.324850+00:00, externally triggered: True>"']
[2022-07-26 10:10:30,613] {subprocess.py:85} INFO - Output:
[2022-07-26 10:10:30,640] {subprocess.py:92} INFO - run_id=manual__2022-07-26T10:04:19.324850+00:00 | dag_run=<DagRun example_bash_operator @ 2022-07-26 10:04:19.324850+00:00: manual__2022-07-26T10:04:19.324850+00:00, externally triggered: True>
[2022-07-26 10:10:30,642] {subprocess.py:96} INFO - Command exited with return code 0
[2022-07-26 10:10:31,201] {taskinstance.py:1420} INFO - Marking task as SUCCESS. dag_id=example_bash_operator, task_id=also_run_this, execution_date=20220726T100419, start_date=20220726T100643, end_date=20220726T101031
[2022-07-26 10:10:31,803] {local_task_job.py:156} INFO - Task exited with return code 0
[2022-07-26 10:10:49,937] {local_task_job.py:273} INFO - 0 downstream tasks scheduled from follow-on schedule check
