[2022-07-26 13:11:54,920] {taskinstance.py:1179} INFO - Dependencies all met for <TaskInstance: our_first_dag.task1 manual__2022-07-26T13:11:53.156828+00:00 [queued]>
[2022-07-26 13:11:54,949] {taskinstance.py:1179} INFO - Dependencies all met for <TaskInstance: our_first_dag.task1 manual__2022-07-26T13:11:53.156828+00:00 [queued]>
[2022-07-26 13:11:54,950] {taskinstance.py:1376} INFO - 
--------------------------------------------------------------------------------
[2022-07-26 13:11:54,951] {taskinstance.py:1377} INFO - Starting attempt 1 of 6
[2022-07-26 13:11:54,952] {taskinstance.py:1378} INFO - 
--------------------------------------------------------------------------------
[2022-07-26 13:11:54,971] {taskinstance.py:1397} INFO - Executing <Task(BashOperator): task1> on 2022-07-26 13:11:53.156828+00:00
[2022-07-26 13:11:54,986] {standard_task_runner.py:52} INFO - Started process 6083 to run task
[2022-07-26 13:11:54,990] {standard_task_runner.py:79} INFO - Running: ['***', 'tasks', 'run', 'our_first_dag', 'task1', 'manual__2022-07-26T13:11:53.156828+00:00', '--job-id', '135', '--raw', '--subdir', 'DAGS_FOLDER/first_dag.py', '--cfg-path', '/tmp/tmp9rogumzb', '--error-file', '/tmp/tmpy9haclc0']
[2022-07-26 13:11:54,994] {standard_task_runner.py:80} INFO - Job 135: Subtask task1
[2022-07-26 13:11:55,087] {task_command.py:371} INFO - Running <TaskInstance: our_first_dag.task1 manual__2022-07-26T13:11:53.156828+00:00 [running]> on host 24820bb59fd1
[2022-07-26 13:11:55,187] {taskinstance.py:1591} INFO - Exporting the following env vars:
AIRFLOW_CTX_DAG_OWNER=coder2j
AIRFLOW_CTX_DAG_ID=our_first_dag
AIRFLOW_CTX_TASK_ID=task1
AIRFLOW_CTX_EXECUTION_DATE=2022-07-26T13:11:53.156828+00:00
AIRFLOW_CTX_TRY_NUMBER=1
AIRFLOW_CTX_DAG_RUN_ID=manual__2022-07-26T13:11:53.156828+00:00
[2022-07-26 13:11:55,189] {subprocess.py:62} INFO - Tmp dir root location: 
 /tmp
[2022-07-26 13:11:55,197] {subprocess.py:74} INFO - Running command: ['bash', '-c', 'echo  hello world, first task']
[2022-07-26 13:11:55,218] {subprocess.py:85} INFO - Output:
[2022-07-26 13:11:55,234] {subprocess.py:92} INFO - hello world, first task
[2022-07-26 13:11:55,235] {subprocess.py:96} INFO - Command exited with return code 0
[2022-07-26 13:11:55,275] {taskinstance.py:1420} INFO - Marking task as SUCCESS. dag_id=our_first_dag, task_id=task1, execution_date=20220726T131153, start_date=20220726T131154, end_date=20220726T131155
[2022-07-26 13:11:55,326] {local_task_job.py:156} INFO - Task exited with return code 0
[2022-07-26 13:11:55,377] {local_task_job.py:273} INFO - 0 downstream tasks scheduled from follow-on schedule check
