[2022-07-27 01:08:27,298] {taskinstance.py:1179} INFO - Dependencies all met for <TaskInstance: our_first_dag.task1 scheduled__2022-07-26T00:00:00+00:00 [queued]>
[2022-07-27 01:08:28,155] {taskinstance.py:1179} INFO - Dependencies all met for <TaskInstance: our_first_dag.task1 scheduled__2022-07-26T00:00:00+00:00 [queued]>
[2022-07-27 01:08:28,160] {taskinstance.py:1376} INFO - 
--------------------------------------------------------------------------------
[2022-07-27 01:08:28,163] {taskinstance.py:1377} INFO - Starting attempt 1 of 6
[2022-07-27 01:08:28,175] {taskinstance.py:1378} INFO - 
--------------------------------------------------------------------------------
[2022-07-27 01:08:28,916] {taskinstance.py:1397} INFO - Executing <Task(BashOperator): task1> on 2022-07-26 00:00:00+00:00
[2022-07-27 01:08:29,148] {standard_task_runner.py:52} INFO - Started process 7516 to run task
[2022-07-27 01:08:30,699] {standard_task_runner.py:79} INFO - Running: ['***', 'tasks', 'run', 'our_first_dag', 'task1', 'scheduled__2022-07-26T00:00:00+00:00', '--job-id', '138', '--raw', '--subdir', 'DAGS_FOLDER/first_dag.py', '--cfg-path', '/tmp/tmp6j77fxj4', '--error-file', '/tmp/tmp1lciopxc']
[2022-07-27 01:08:30,934] {standard_task_runner.py:80} INFO - Job 138: Subtask task1
[2022-07-27 01:08:35,210] {task_command.py:371} INFO - Running <TaskInstance: our_first_dag.task1 scheduled__2022-07-26T00:00:00+00:00 [running]> on host 24820bb59fd1
[2022-07-27 01:10:23,194] {taskinstance.py:1591} INFO - Exporting the following env vars:
AIRFLOW_CTX_DAG_OWNER=coder2j
AIRFLOW_CTX_DAG_ID=our_first_dag
AIRFLOW_CTX_TASK_ID=task1
AIRFLOW_CTX_EXECUTION_DATE=2022-07-26T00:00:00+00:00
AIRFLOW_CTX_TRY_NUMBER=1
AIRFLOW_CTX_DAG_RUN_ID=scheduled__2022-07-26T00:00:00+00:00
[2022-07-27 01:10:23,313] {subprocess.py:62} INFO - Tmp dir root location: 
 /tmp
[2022-07-27 01:10:23,428] {subprocess.py:74} INFO - Running command: ['bash', '-c', 'echo  hello world, first task']
[2022-07-27 01:10:24,726] {subprocess.py:85} INFO - Output:
[2022-07-27 01:10:27,244] {subprocess.py:92} INFO - hello world, first task
[2022-07-27 01:10:28,001] {subprocess.py:96} INFO - Command exited with return code 0
[2022-07-27 01:13:57,430] {taskinstance.py:1420} INFO - Marking task as SUCCESS. dag_id=our_first_dag, task_id=task1, execution_date=20220726T000000, start_date=20220727T010827, end_date=20220727T011357
[2022-07-27 01:14:27,225] {local_task_job.py:156} INFO - Task exited with return code 0
[2022-07-27 01:15:35,948] {local_task_job.py:273} INFO - 0 downstream tasks scheduled from follow-on schedule check
