[2022-07-28 06:35:22,312] {processor.py:153} INFO - Started process (PID=185) to work on /opt/airflow/dags/first_dag.py
[2022-07-28 06:35:22,313] {processor.py:641} INFO - Processing file /opt/airflow/dags/first_dag.py for tasks to queue
[2022-07-28 06:35:22,315] {logging_mixin.py:115} INFO - [2022-07-28 06:35:22,315] {dagbag.py:508} INFO - Filling up the DagBag from /opt/airflow/dags/first_dag.py
[2022-07-28 06:35:22,358] {processor.py:651} INFO - DAG(s) dict_keys(['our_first_dag']) retrieved from /opt/airflow/dags/first_dag.py
[2022-07-28 06:35:23,897] {logging_mixin.py:115} INFO - [2022-07-28 06:35:23,897] {manager.py:508} INFO - Created Permission View: can read on DAG:our_first_dag
[2022-07-28 06:35:23,940] {logging_mixin.py:115} INFO - [2022-07-28 06:35:23,940] {manager.py:508} INFO - Created Permission View: can edit on DAG:our_first_dag
[2022-07-28 06:35:23,960] {logging_mixin.py:115} INFO - [2022-07-28 06:35:23,960] {manager.py:508} INFO - Created Permission View: can delete on DAG:our_first_dag
[2022-07-28 06:35:23,962] {logging_mixin.py:115} INFO - [2022-07-28 06:35:23,962] {dag.py:2420} INFO - Sync 1 DAGs
[2022-07-28 06:35:23,990] {logging_mixin.py:115} INFO - [2022-07-28 06:35:23,990] {dag.py:2439} INFO - Creating ORM DAG for our_first_dag
[2022-07-28 06:35:24,027] {logging_mixin.py:115} INFO - [2022-07-28 06:35:24,027] {dag.py:2972} INFO - Setting next_dagrun for our_first_dag to 2022-07-22T00:00:00+00:00, run_after=2022-07-23T00:00:00+00:00
[2022-07-28 06:35:24,067] {processor.py:161} INFO - Processing /opt/airflow/dags/first_dag.py took 1.762 seconds
[2022-07-28 06:35:54,884] {processor.py:153} INFO - Started process (PID=218) to work on /opt/airflow/dags/first_dag.py
[2022-07-28 06:35:54,890] {processor.py:641} INFO - Processing file /opt/airflow/dags/first_dag.py for tasks to queue
[2022-07-28 06:35:54,901] {logging_mixin.py:115} INFO - [2022-07-28 06:35:54,900] {dagbag.py:508} INFO - Filling up the DagBag from /opt/airflow/dags/first_dag.py
[2022-07-28 06:35:55,102] {processor.py:651} INFO - DAG(s) dict_keys(['our_first_dag']) retrieved from /opt/airflow/dags/first_dag.py
[2022-07-28 06:35:55,382] {logging_mixin.py:115} INFO - [2022-07-28 06:35:55,381] {dag.py:2420} INFO - Sync 1 DAGs
[2022-07-28 06:35:55,572] {logging_mixin.py:115} INFO - [2022-07-28 06:35:55,572] {dag.py:2972} INFO - Setting next_dagrun for our_first_dag to 2022-07-22T00:00:00+00:00, run_after=2022-07-23T00:00:00+00:00
[2022-07-28 06:35:55,632] {processor.py:161} INFO - Processing /opt/airflow/dags/first_dag.py took 0.803 seconds
[2022-07-28 06:36:25,987] {processor.py:153} INFO - Started process (PID=241) to work on /opt/airflow/dags/first_dag.py
[2022-07-28 06:36:25,989] {processor.py:641} INFO - Processing file /opt/airflow/dags/first_dag.py for tasks to queue
[2022-07-28 06:36:25,992] {logging_mixin.py:115} INFO - [2022-07-28 06:36:25,992] {dagbag.py:508} INFO - Filling up the DagBag from /opt/airflow/dags/first_dag.py
[2022-07-28 06:36:26,016] {processor.py:651} INFO - DAG(s) dict_keys(['our_first_dag']) retrieved from /opt/airflow/dags/first_dag.py
[2022-07-28 06:36:26,058] {logging_mixin.py:115} INFO - [2022-07-28 06:36:26,058] {dag.py:2420} INFO - Sync 1 DAGs
[2022-07-28 06:36:26,098] {logging_mixin.py:115} INFO - [2022-07-28 06:36:26,097] {dag.py:2972} INFO - Setting next_dagrun for our_first_dag to 2022-07-22T00:00:00+00:00, run_after=2022-07-23T00:00:00+00:00
[2022-07-28 06:36:26,150] {processor.py:161} INFO - Processing /opt/airflow/dags/first_dag.py took 0.169 seconds
[2022-07-28 06:36:57,048] {processor.py:153} INFO - Started process (PID=265) to work on /opt/airflow/dags/first_dag.py
[2022-07-28 06:36:57,066] {processor.py:641} INFO - Processing file /opt/airflow/dags/first_dag.py for tasks to queue
[2022-07-28 06:36:57,071] {logging_mixin.py:115} INFO - [2022-07-28 06:36:57,071] {dagbag.py:508} INFO - Filling up the DagBag from /opt/airflow/dags/first_dag.py
[2022-07-28 06:36:57,197] {processor.py:651} INFO - DAG(s) dict_keys(['our_first_dag']) retrieved from /opt/airflow/dags/first_dag.py
[2022-07-28 06:36:57,371] {logging_mixin.py:115} INFO - [2022-07-28 06:36:57,371] {dag.py:2420} INFO - Sync 1 DAGs
[2022-07-28 06:36:57,561] {logging_mixin.py:115} INFO - [2022-07-28 06:36:57,557] {dag.py:2972} INFO - Setting next_dagrun for our_first_dag to 2022-07-22T00:00:00+00:00, run_after=2022-07-23T00:00:00+00:00
[2022-07-28 06:36:57,615] {processor.py:161} INFO - Processing /opt/airflow/dags/first_dag.py took 0.615 seconds
[2022-07-28 06:37:28,099] {processor.py:153} INFO - Started process (PID=296) to work on /opt/airflow/dags/first_dag.py
[2022-07-28 06:37:28,170] {processor.py:641} INFO - Processing file /opt/airflow/dags/first_dag.py for tasks to queue
[2022-07-28 06:37:28,209] {logging_mixin.py:115} INFO - [2022-07-28 06:37:28,208] {dagbag.py:508} INFO - Filling up the DagBag from /opt/airflow/dags/first_dag.py
[2022-07-28 06:37:28,290] {processor.py:651} INFO - DAG(s) dict_keys(['our_first_dag']) retrieved from /opt/airflow/dags/first_dag.py
[2022-07-28 06:37:28,374] {logging_mixin.py:115} INFO - [2022-07-28 06:37:28,374] {dag.py:2420} INFO - Sync 1 DAGs
[2022-07-28 06:37:28,460] {logging_mixin.py:115} INFO - [2022-07-28 06:37:28,460] {dag.py:2972} INFO - Setting next_dagrun for our_first_dag to 2022-07-22T00:00:00+00:00, run_after=2022-07-23T00:00:00+00:00
[2022-07-28 06:37:28,482] {processor.py:161} INFO - Processing /opt/airflow/dags/first_dag.py took 0.399 seconds
[2022-07-28 06:37:59,130] {processor.py:153} INFO - Started process (PID=319) to work on /opt/airflow/dags/first_dag.py
[2022-07-28 06:37:59,132] {processor.py:641} INFO - Processing file /opt/airflow/dags/first_dag.py for tasks to queue
[2022-07-28 06:37:59,134] {logging_mixin.py:115} INFO - [2022-07-28 06:37:59,134] {dagbag.py:508} INFO - Filling up the DagBag from /opt/airflow/dags/first_dag.py
[2022-07-28 06:37:59,177] {processor.py:651} INFO - DAG(s) dict_keys(['our_first_dag']) retrieved from /opt/airflow/dags/first_dag.py
[2022-07-28 06:37:59,228] {logging_mixin.py:115} INFO - [2022-07-28 06:37:59,228] {dag.py:2420} INFO - Sync 1 DAGs
[2022-07-28 06:37:59,273] {logging_mixin.py:115} INFO - [2022-07-28 06:37:59,273] {dag.py:2972} INFO - Setting next_dagrun for our_first_dag to 2022-07-22T00:00:00+00:00, run_after=2022-07-23T00:00:00+00:00
[2022-07-28 06:37:59,288] {processor.py:161} INFO - Processing /opt/airflow/dags/first_dag.py took 0.164 seconds
[2022-07-28 06:38:29,427] {processor.py:153} INFO - Started process (PID=342) to work on /opt/airflow/dags/first_dag.py
[2022-07-28 06:38:29,430] {processor.py:641} INFO - Processing file /opt/airflow/dags/first_dag.py for tasks to queue
[2022-07-28 06:38:29,431] {logging_mixin.py:115} INFO - [2022-07-28 06:38:29,431] {dagbag.py:508} INFO - Filling up the DagBag from /opt/airflow/dags/first_dag.py
[2022-07-28 06:38:29,468] {processor.py:651} INFO - DAG(s) dict_keys(['our_first_dag']) retrieved from /opt/airflow/dags/first_dag.py
[2022-07-28 06:38:29,529] {logging_mixin.py:115} INFO - [2022-07-28 06:38:29,529] {dag.py:2420} INFO - Sync 1 DAGs
[2022-07-28 06:38:29,583] {logging_mixin.py:115} INFO - [2022-07-28 06:38:29,582] {dag.py:2972} INFO - Setting next_dagrun for our_first_dag to 2022-07-22T00:00:00+00:00, run_after=2022-07-23T00:00:00+00:00
[2022-07-28 06:38:29,606] {processor.py:161} INFO - Processing /opt/airflow/dags/first_dag.py took 0.186 seconds
[2022-07-28 06:38:59,775] {processor.py:153} INFO - Started process (PID=375) to work on /opt/airflow/dags/first_dag.py
[2022-07-28 06:38:59,778] {processor.py:641} INFO - Processing file /opt/airflow/dags/first_dag.py for tasks to queue
[2022-07-28 06:38:59,780] {logging_mixin.py:115} INFO - [2022-07-28 06:38:59,780] {dagbag.py:508} INFO - Filling up the DagBag from /opt/airflow/dags/first_dag.py
[2022-07-28 06:38:59,809] {processor.py:651} INFO - DAG(s) dict_keys(['our_first_dag']) retrieved from /opt/airflow/dags/first_dag.py
[2022-07-28 06:38:59,862] {logging_mixin.py:115} INFO - [2022-07-28 06:38:59,861] {dag.py:2420} INFO - Sync 1 DAGs
[2022-07-28 06:38:59,906] {logging_mixin.py:115} INFO - [2022-07-28 06:38:59,906] {dag.py:2972} INFO - Setting next_dagrun for our_first_dag to 2022-07-22T00:00:00+00:00, run_after=2022-07-23T00:00:00+00:00
[2022-07-28 06:38:59,928] {processor.py:161} INFO - Processing /opt/airflow/dags/first_dag.py took 0.161 seconds
[2022-07-28 06:39:30,622] {processor.py:153} INFO - Started process (PID=398) to work on /opt/airflow/dags/first_dag.py
[2022-07-28 06:39:30,635] {processor.py:641} INFO - Processing file /opt/airflow/dags/first_dag.py for tasks to queue
[2022-07-28 06:39:30,649] {logging_mixin.py:115} INFO - [2022-07-28 06:39:30,649] {dagbag.py:508} INFO - Filling up the DagBag from /opt/airflow/dags/first_dag.py
[2022-07-28 06:39:30,724] {processor.py:651} INFO - DAG(s) dict_keys(['our_first_dag']) retrieved from /opt/airflow/dags/first_dag.py
[2022-07-28 06:39:31,048] {logging_mixin.py:115} INFO - [2022-07-28 06:39:31,047] {dag.py:2420} INFO - Sync 1 DAGs
[2022-07-28 06:39:31,277] {logging_mixin.py:115} INFO - [2022-07-28 06:39:31,277] {dag.py:2972} INFO - Setting next_dagrun for our_first_dag to 2022-07-22T00:00:00+00:00, run_after=2022-07-23T00:00:00+00:00
[2022-07-28 06:39:31,352] {processor.py:161} INFO - Processing /opt/airflow/dags/first_dag.py took 0.750 seconds
[2022-07-28 06:40:01,576] {processor.py:153} INFO - Started process (PID=430) to work on /opt/airflow/dags/first_dag.py
[2022-07-28 06:40:01,578] {processor.py:641} INFO - Processing file /opt/airflow/dags/first_dag.py for tasks to queue
[2022-07-28 06:40:01,582] {logging_mixin.py:115} INFO - [2022-07-28 06:40:01,582] {dagbag.py:508} INFO - Filling up the DagBag from /opt/airflow/dags/first_dag.py
[2022-07-28 06:40:01,601] {processor.py:651} INFO - DAG(s) dict_keys(['our_first_dag']) retrieved from /opt/airflow/dags/first_dag.py
[2022-07-28 06:40:01,642] {logging_mixin.py:115} INFO - [2022-07-28 06:40:01,642] {dag.py:2420} INFO - Sync 1 DAGs
[2022-07-28 06:40:01,678] {logging_mixin.py:115} INFO - [2022-07-28 06:40:01,677] {dag.py:2972} INFO - Setting next_dagrun for our_first_dag to 2022-07-22T00:00:00+00:00, run_after=2022-07-23T00:00:00+00:00
[2022-07-28 06:40:01,695] {processor.py:161} INFO - Processing /opt/airflow/dags/first_dag.py took 0.124 seconds
[2022-07-28 06:40:31,838] {processor.py:153} INFO - Started process (PID=454) to work on /opt/airflow/dags/first_dag.py
[2022-07-28 06:40:31,840] {processor.py:641} INFO - Processing file /opt/airflow/dags/first_dag.py for tasks to queue
[2022-07-28 06:40:31,843] {logging_mixin.py:115} INFO - [2022-07-28 06:40:31,842] {dagbag.py:508} INFO - Filling up the DagBag from /opt/airflow/dags/first_dag.py
[2022-07-28 06:40:31,868] {processor.py:651} INFO - DAG(s) dict_keys(['our_first_dag']) retrieved from /opt/airflow/dags/first_dag.py
[2022-07-28 06:40:31,915] {logging_mixin.py:115} INFO - [2022-07-28 06:40:31,915] {dag.py:2420} INFO - Sync 1 DAGs
[2022-07-28 06:40:31,953] {logging_mixin.py:115} INFO - [2022-07-28 06:40:31,952] {dag.py:2972} INFO - Setting next_dagrun for our_first_dag to 2022-07-22T00:00:00+00:00, run_after=2022-07-23T00:00:00+00:00
[2022-07-28 06:40:32,031] {processor.py:161} INFO - Processing /opt/airflow/dags/first_dag.py took 0.197 seconds
[2022-07-28 06:41:02,272] {processor.py:153} INFO - Started process (PID=488) to work on /opt/airflow/dags/first_dag.py
[2022-07-28 06:41:02,276] {processor.py:641} INFO - Processing file /opt/airflow/dags/first_dag.py for tasks to queue
[2022-07-28 06:41:02,278] {logging_mixin.py:115} INFO - [2022-07-28 06:41:02,278] {dagbag.py:508} INFO - Filling up the DagBag from /opt/airflow/dags/first_dag.py
[2022-07-28 06:41:02,297] {processor.py:651} INFO - DAG(s) dict_keys(['our_first_dag']) retrieved from /opt/airflow/dags/first_dag.py
[2022-07-28 06:41:02,332] {logging_mixin.py:115} INFO - [2022-07-28 06:41:02,332] {dag.py:2420} INFO - Sync 1 DAGs
[2022-07-28 06:41:02,370] {logging_mixin.py:115} INFO - [2022-07-28 06:41:02,370] {dag.py:2972} INFO - Setting next_dagrun for our_first_dag to 2022-07-22T00:00:00+00:00, run_after=2022-07-23T00:00:00+00:00
[2022-07-28 06:41:02,391] {processor.py:161} INFO - Processing /opt/airflow/dags/first_dag.py took 0.126 seconds
[2022-07-28 06:41:32,619] {processor.py:153} INFO - Started process (PID=511) to work on /opt/airflow/dags/first_dag.py
[2022-07-28 06:41:32,624] {processor.py:641} INFO - Processing file /opt/airflow/dags/first_dag.py for tasks to queue
[2022-07-28 06:41:32,627] {logging_mixin.py:115} INFO - [2022-07-28 06:41:32,627] {dagbag.py:508} INFO - Filling up the DagBag from /opt/airflow/dags/first_dag.py
[2022-07-28 06:41:32,682] {processor.py:651} INFO - DAG(s) dict_keys(['our_first_dag']) retrieved from /opt/airflow/dags/first_dag.py
[2022-07-28 06:41:32,762] {logging_mixin.py:115} INFO - [2022-07-28 06:41:32,762] {dag.py:2420} INFO - Sync 1 DAGs
[2022-07-28 06:41:32,824] {logging_mixin.py:115} INFO - [2022-07-28 06:41:32,824] {dag.py:2972} INFO - Setting next_dagrun for our_first_dag to 2022-07-22T00:00:00+00:00, run_after=2022-07-23T00:00:00+00:00
[2022-07-28 06:41:32,860] {processor.py:161} INFO - Processing /opt/airflow/dags/first_dag.py took 0.256 seconds
[2022-07-28 06:42:02,995] {processor.py:153} INFO - Started process (PID=534) to work on /opt/airflow/dags/first_dag.py
[2022-07-28 06:42:02,997] {processor.py:641} INFO - Processing file /opt/airflow/dags/first_dag.py for tasks to queue
[2022-07-28 06:42:02,998] {logging_mixin.py:115} INFO - [2022-07-28 06:42:02,998] {dagbag.py:508} INFO - Filling up the DagBag from /opt/airflow/dags/first_dag.py
[2022-07-28 06:42:03,019] {processor.py:651} INFO - DAG(s) dict_keys(['our_first_dag']) retrieved from /opt/airflow/dags/first_dag.py
[2022-07-28 06:42:03,061] {logging_mixin.py:115} INFO - [2022-07-28 06:42:03,060] {dag.py:2420} INFO - Sync 1 DAGs
[2022-07-28 06:42:03,107] {logging_mixin.py:115} INFO - [2022-07-28 06:42:03,106] {dag.py:2972} INFO - Setting next_dagrun for our_first_dag to 2022-07-22T00:00:00+00:00, run_after=2022-07-23T00:00:00+00:00
[2022-07-28 06:42:03,134] {processor.py:161} INFO - Processing /opt/airflow/dags/first_dag.py took 0.146 seconds
[2022-07-28 06:42:33,230] {processor.py:153} INFO - Started process (PID=567) to work on /opt/airflow/dags/first_dag.py
[2022-07-28 06:42:33,232] {processor.py:641} INFO - Processing file /opt/airflow/dags/first_dag.py for tasks to queue
[2022-07-28 06:42:33,233] {logging_mixin.py:115} INFO - [2022-07-28 06:42:33,233] {dagbag.py:508} INFO - Filling up the DagBag from /opt/airflow/dags/first_dag.py
[2022-07-28 06:42:33,248] {processor.py:651} INFO - DAG(s) dict_keys(['our_first_dag']) retrieved from /opt/airflow/dags/first_dag.py
[2022-07-28 06:42:33,286] {logging_mixin.py:115} INFO - [2022-07-28 06:42:33,286] {dag.py:2420} INFO - Sync 1 DAGs
[2022-07-28 06:42:33,318] {logging_mixin.py:115} INFO - [2022-07-28 06:42:33,317] {dag.py:2972} INFO - Setting next_dagrun for our_first_dag to 2022-07-22T00:00:00+00:00, run_after=2022-07-23T00:00:00+00:00
[2022-07-28 06:42:33,340] {processor.py:161} INFO - Processing /opt/airflow/dags/first_dag.py took 0.117 seconds
[2022-07-28 06:43:03,465] {processor.py:153} INFO - Started process (PID=598) to work on /opt/airflow/dags/first_dag.py
[2022-07-28 06:43:03,467] {processor.py:641} INFO - Processing file /opt/airflow/dags/first_dag.py for tasks to queue
[2022-07-28 06:43:03,470] {logging_mixin.py:115} INFO - [2022-07-28 06:43:03,470] {dagbag.py:508} INFO - Filling up the DagBag from /opt/airflow/dags/first_dag.py
[2022-07-28 06:43:03,492] {processor.py:651} INFO - DAG(s) dict_keys(['our_first_dag']) retrieved from /opt/airflow/dags/first_dag.py
[2022-07-28 06:43:03,540] {logging_mixin.py:115} INFO - [2022-07-28 06:43:03,540] {dag.py:2420} INFO - Sync 1 DAGs
[2022-07-28 06:43:03,588] {logging_mixin.py:115} INFO - [2022-07-28 06:43:03,588] {dag.py:2972} INFO - Setting next_dagrun for our_first_dag to 2022-07-22T00:00:00+00:00, run_after=2022-07-23T00:00:00+00:00
[2022-07-28 06:43:03,691] {processor.py:161} INFO - Processing /opt/airflow/dags/first_dag.py took 0.232 seconds
[2022-07-28 06:43:33,828] {processor.py:153} INFO - Started process (PID=624) to work on /opt/airflow/dags/first_dag.py
[2022-07-28 06:43:33,829] {processor.py:641} INFO - Processing file /opt/airflow/dags/first_dag.py for tasks to queue
[2022-07-28 06:43:33,831] {logging_mixin.py:115} INFO - [2022-07-28 06:43:33,831] {dagbag.py:508} INFO - Filling up the DagBag from /opt/airflow/dags/first_dag.py
[2022-07-28 06:43:33,848] {processor.py:651} INFO - DAG(s) dict_keys(['our_first_dag']) retrieved from /opt/airflow/dags/first_dag.py
[2022-07-28 06:43:33,880] {logging_mixin.py:115} INFO - [2022-07-28 06:43:33,880] {dag.py:2420} INFO - Sync 1 DAGs
[2022-07-28 06:43:33,912] {logging_mixin.py:115} INFO - [2022-07-28 06:43:33,911] {dag.py:2972} INFO - Setting next_dagrun for our_first_dag to 2022-07-22T00:00:00+00:00, run_after=2022-07-23T00:00:00+00:00
[2022-07-28 06:43:33,929] {processor.py:161} INFO - Processing /opt/airflow/dags/first_dag.py took 0.107 seconds
[2022-07-28 06:44:04,045] {processor.py:153} INFO - Started process (PID=656) to work on /opt/airflow/dags/first_dag.py
[2022-07-28 06:44:04,053] {processor.py:641} INFO - Processing file /opt/airflow/dags/first_dag.py for tasks to queue
[2022-07-28 06:44:04,054] {logging_mixin.py:115} INFO - [2022-07-28 06:44:04,054] {dagbag.py:508} INFO - Filling up the DagBag from /opt/airflow/dags/first_dag.py
[2022-07-28 06:44:04,069] {processor.py:651} INFO - DAG(s) dict_keys(['our_first_dag']) retrieved from /opt/airflow/dags/first_dag.py
[2022-07-28 06:44:04,100] {logging_mixin.py:115} INFO - [2022-07-28 06:44:04,100] {dag.py:2420} INFO - Sync 1 DAGs
[2022-07-28 06:44:04,127] {logging_mixin.py:115} INFO - [2022-07-28 06:44:04,127] {dag.py:2972} INFO - Setting next_dagrun for our_first_dag to 2022-07-22T00:00:00+00:00, run_after=2022-07-23T00:00:00+00:00
[2022-07-28 06:44:04,144] {processor.py:161} INFO - Processing /opt/airflow/dags/first_dag.py took 0.104 seconds
[2022-07-28 06:44:34,266] {processor.py:153} INFO - Started process (PID=680) to work on /opt/airflow/dags/first_dag.py
[2022-07-28 06:44:34,270] {processor.py:641} INFO - Processing file /opt/airflow/dags/first_dag.py for tasks to queue
[2022-07-28 06:44:34,272] {logging_mixin.py:115} INFO - [2022-07-28 06:44:34,272] {dagbag.py:508} INFO - Filling up the DagBag from /opt/airflow/dags/first_dag.py
[2022-07-28 06:44:34,292] {processor.py:651} INFO - DAG(s) dict_keys(['our_first_dag']) retrieved from /opt/airflow/dags/first_dag.py
[2022-07-28 06:44:34,343] {logging_mixin.py:115} INFO - [2022-07-28 06:44:34,342] {dag.py:2420} INFO - Sync 1 DAGs
[2022-07-28 06:44:34,385] {logging_mixin.py:115} INFO - [2022-07-28 06:44:34,385] {dag.py:2972} INFO - Setting next_dagrun for our_first_dag to 2022-07-22T00:00:00+00:00, run_after=2022-07-23T00:00:00+00:00
[2022-07-28 06:44:34,413] {processor.py:161} INFO - Processing /opt/airflow/dags/first_dag.py took 0.156 seconds
[2022-07-28 06:45:04,552] {processor.py:153} INFO - Started process (PID=713) to work on /opt/airflow/dags/first_dag.py
[2022-07-28 06:45:04,555] {processor.py:641} INFO - Processing file /opt/airflow/dags/first_dag.py for tasks to queue
[2022-07-28 06:45:04,557] {logging_mixin.py:115} INFO - [2022-07-28 06:45:04,556] {dagbag.py:508} INFO - Filling up the DagBag from /opt/airflow/dags/first_dag.py
[2022-07-28 06:45:04,572] {processor.py:651} INFO - DAG(s) dict_keys(['our_first_dag']) retrieved from /opt/airflow/dags/first_dag.py
[2022-07-28 06:45:04,608] {logging_mixin.py:115} INFO - [2022-07-28 06:45:04,607] {dag.py:2420} INFO - Sync 1 DAGs
[2022-07-28 06:45:04,636] {logging_mixin.py:115} INFO - [2022-07-28 06:45:04,636] {dag.py:2972} INFO - Setting next_dagrun for our_first_dag to 2022-07-22T00:00:00+00:00, run_after=2022-07-23T00:00:00+00:00
[2022-07-28 06:45:04,653] {processor.py:161} INFO - Processing /opt/airflow/dags/first_dag.py took 0.108 seconds
[2022-07-28 06:45:34,846] {processor.py:153} INFO - Started process (PID=736) to work on /opt/airflow/dags/first_dag.py
[2022-07-28 06:45:34,850] {processor.py:641} INFO - Processing file /opt/airflow/dags/first_dag.py for tasks to queue
[2022-07-28 06:45:34,852] {logging_mixin.py:115} INFO - [2022-07-28 06:45:34,851] {dagbag.py:508} INFO - Filling up the DagBag from /opt/airflow/dags/first_dag.py
[2022-07-28 06:45:34,870] {processor.py:651} INFO - DAG(s) dict_keys(['our_first_dag']) retrieved from /opt/airflow/dags/first_dag.py
[2022-07-28 06:45:34,907] {logging_mixin.py:115} INFO - [2022-07-28 06:45:34,906] {dag.py:2420} INFO - Sync 1 DAGs
[2022-07-28 06:45:34,941] {logging_mixin.py:115} INFO - [2022-07-28 06:45:34,941] {dag.py:2972} INFO - Setting next_dagrun for our_first_dag to 2022-07-22T00:00:00+00:00, run_after=2022-07-23T00:00:00+00:00
[2022-07-28 06:45:34,960] {processor.py:161} INFO - Processing /opt/airflow/dags/first_dag.py took 0.118 seconds
[2022-07-28 06:46:05,080] {processor.py:153} INFO - Started process (PID=766) to work on /opt/airflow/dags/first_dag.py
[2022-07-28 06:46:05,081] {processor.py:641} INFO - Processing file /opt/airflow/dags/first_dag.py for tasks to queue
[2022-07-28 06:46:05,083] {logging_mixin.py:115} INFO - [2022-07-28 06:46:05,083] {dagbag.py:508} INFO - Filling up the DagBag from /opt/airflow/dags/first_dag.py
[2022-07-28 06:46:05,098] {processor.py:651} INFO - DAG(s) dict_keys(['our_first_dag']) retrieved from /opt/airflow/dags/first_dag.py
[2022-07-28 06:46:05,131] {logging_mixin.py:115} INFO - [2022-07-28 06:46:05,131] {dag.py:2420} INFO - Sync 1 DAGs
[2022-07-28 06:46:05,161] {logging_mixin.py:115} INFO - [2022-07-28 06:46:05,161] {dag.py:2972} INFO - Setting next_dagrun for our_first_dag to 2022-07-22T00:00:00+00:00, run_after=2022-07-23T00:00:00+00:00
[2022-07-28 06:46:05,178] {processor.py:161} INFO - Processing /opt/airflow/dags/first_dag.py took 0.103 seconds
[2022-07-28 06:46:35,334] {processor.py:153} INFO - Started process (PID=789) to work on /opt/airflow/dags/first_dag.py
[2022-07-28 06:46:35,350] {processor.py:641} INFO - Processing file /opt/airflow/dags/first_dag.py for tasks to queue
[2022-07-28 06:46:35,352] {logging_mixin.py:115} INFO - [2022-07-28 06:46:35,352] {dagbag.py:508} INFO - Filling up the DagBag from /opt/airflow/dags/first_dag.py
[2022-07-28 06:46:35,368] {processor.py:651} INFO - DAG(s) dict_keys(['our_first_dag']) retrieved from /opt/airflow/dags/first_dag.py
[2022-07-28 06:46:35,401] {logging_mixin.py:115} INFO - [2022-07-28 06:46:35,400] {dag.py:2420} INFO - Sync 1 DAGs
[2022-07-28 06:46:35,430] {logging_mixin.py:115} INFO - [2022-07-28 06:46:35,430] {dag.py:2972} INFO - Setting next_dagrun for our_first_dag to 2022-07-22T00:00:00+00:00, run_after=2022-07-23T00:00:00+00:00
[2022-07-28 06:46:35,446] {processor.py:161} INFO - Processing /opt/airflow/dags/first_dag.py took 0.120 seconds
[2022-07-28 06:47:05,557] {processor.py:153} INFO - Started process (PID=820) to work on /opt/airflow/dags/first_dag.py
[2022-07-28 06:47:05,560] {processor.py:641} INFO - Processing file /opt/airflow/dags/first_dag.py for tasks to queue
[2022-07-28 06:47:05,561] {logging_mixin.py:115} INFO - [2022-07-28 06:47:05,561] {dagbag.py:508} INFO - Filling up the DagBag from /opt/airflow/dags/first_dag.py
[2022-07-28 06:47:05,576] {processor.py:651} INFO - DAG(s) dict_keys(['our_first_dag']) retrieved from /opt/airflow/dags/first_dag.py
[2022-07-28 06:47:05,612] {logging_mixin.py:115} INFO - [2022-07-28 06:47:05,611] {dag.py:2420} INFO - Sync 1 DAGs
[2022-07-28 06:47:05,639] {logging_mixin.py:115} INFO - [2022-07-28 06:47:05,639] {dag.py:2972} INFO - Setting next_dagrun for our_first_dag to 2022-07-22T00:00:00+00:00, run_after=2022-07-23T00:00:00+00:00
[2022-07-28 06:47:05,656] {processor.py:161} INFO - Processing /opt/airflow/dags/first_dag.py took 0.103 seconds
[2022-07-28 06:47:35,741] {processor.py:153} INFO - Started process (PID=853) to work on /opt/airflow/dags/first_dag.py
[2022-07-28 06:47:35,743] {processor.py:641} INFO - Processing file /opt/airflow/dags/first_dag.py for tasks to queue
[2022-07-28 06:47:35,744] {logging_mixin.py:115} INFO - [2022-07-28 06:47:35,744] {dagbag.py:508} INFO - Filling up the DagBag from /opt/airflow/dags/first_dag.py
[2022-07-28 06:47:35,765] {processor.py:651} INFO - DAG(s) dict_keys(['our_first_dag']) retrieved from /opt/airflow/dags/first_dag.py
[2022-07-28 06:47:35,801] {logging_mixin.py:115} INFO - [2022-07-28 06:47:35,801] {dag.py:2420} INFO - Sync 1 DAGs
[2022-07-28 06:47:35,840] {logging_mixin.py:115} INFO - [2022-07-28 06:47:35,840] {dag.py:2972} INFO - Setting next_dagrun for our_first_dag to 2022-07-22T00:00:00+00:00, run_after=2022-07-23T00:00:00+00:00
[2022-07-28 06:47:35,868] {processor.py:161} INFO - Processing /opt/airflow/dags/first_dag.py took 0.134 seconds
[2022-07-28 06:48:05,998] {processor.py:153} INFO - Started process (PID=877) to work on /opt/airflow/dags/first_dag.py
[2022-07-28 06:48:06,011] {processor.py:641} INFO - Processing file /opt/airflow/dags/first_dag.py for tasks to queue
[2022-07-28 06:48:06,012] {logging_mixin.py:115} INFO - [2022-07-28 06:48:06,012] {dagbag.py:508} INFO - Filling up the DagBag from /opt/airflow/dags/first_dag.py
[2022-07-28 06:48:06,031] {processor.py:651} INFO - DAG(s) dict_keys(['our_first_dag']) retrieved from /opt/airflow/dags/first_dag.py
[2022-07-28 06:48:06,070] {logging_mixin.py:115} INFO - [2022-07-28 06:48:06,070] {dag.py:2420} INFO - Sync 1 DAGs
[2022-07-28 06:48:06,108] {logging_mixin.py:115} INFO - [2022-07-28 06:48:06,108] {dag.py:2972} INFO - Setting next_dagrun for our_first_dag to 2022-07-22T00:00:00+00:00, run_after=2022-07-23T00:00:00+00:00
[2022-07-28 06:48:06,130] {processor.py:161} INFO - Processing /opt/airflow/dags/first_dag.py took 0.138 seconds
[2022-07-28 06:48:39,460] {processor.py:153} INFO - Started process (PID=908) to work on /opt/airflow/dags/first_dag.py
[2022-07-28 06:48:39,501] {processor.py:641} INFO - Processing file /opt/airflow/dags/first_dag.py for tasks to queue
[2022-07-28 06:48:39,538] {logging_mixin.py:115} INFO - [2022-07-28 06:48:39,538] {dagbag.py:508} INFO - Filling up the DagBag from /opt/airflow/dags/first_dag.py
[2022-07-28 06:48:39,850] {processor.py:651} INFO - DAG(s) dict_keys(['our_first_dag']) retrieved from /opt/airflow/dags/first_dag.py
[2022-07-28 06:48:40,180] {logging_mixin.py:115} INFO - [2022-07-28 06:48:40,180] {dag.py:2420} INFO - Sync 1 DAGs
[2022-07-28 06:48:40,301] {logging_mixin.py:115} INFO - [2022-07-28 06:48:40,300] {dag.py:2972} INFO - Setting next_dagrun for our_first_dag to 2022-07-22T00:00:00+00:00, run_after=2022-07-23T00:00:00+00:00
[2022-07-28 06:48:40,338] {processor.py:161} INFO - Processing /opt/airflow/dags/first_dag.py took 0.933 seconds
[2022-07-28 06:49:10,878] {processor.py:153} INFO - Started process (PID=934) to work on /opt/airflow/dags/first_dag.py
[2022-07-28 06:49:10,881] {processor.py:641} INFO - Processing file /opt/airflow/dags/first_dag.py for tasks to queue
[2022-07-28 06:49:10,884] {logging_mixin.py:115} INFO - [2022-07-28 06:49:10,883] {dagbag.py:508} INFO - Filling up the DagBag from /opt/airflow/dags/first_dag.py
[2022-07-28 06:49:10,946] {processor.py:651} INFO - DAG(s) dict_keys(['our_first_dag']) retrieved from /opt/airflow/dags/first_dag.py
[2022-07-28 06:49:11,090] {logging_mixin.py:115} INFO - [2022-07-28 06:49:11,089] {dag.py:2420} INFO - Sync 1 DAGs
[2022-07-28 06:49:11,177] {logging_mixin.py:115} INFO - [2022-07-28 06:49:11,177] {dag.py:2972} INFO - Setting next_dagrun for our_first_dag to 2022-07-22T00:00:00+00:00, run_after=2022-07-23T00:00:00+00:00
[2022-07-28 06:49:11,227] {processor.py:161} INFO - Processing /opt/airflow/dags/first_dag.py took 0.370 seconds
