[2022-07-26 10:11:02,124] {taskinstance.py:1179} INFO - Dependencies all met for <TaskInstance: example_bash_operator.run_after_loop manual__2022-07-26T10:04:19.324850+00:00 [queued]>
[2022-07-26 10:11:02,176] {taskinstance.py:1179} INFO - Dependencies all met for <TaskInstance: example_bash_operator.run_after_loop manual__2022-07-26T10:04:19.324850+00:00 [queued]>
[2022-07-26 10:11:02,178] {taskinstance.py:1376} INFO - 
--------------------------------------------------------------------------------
[2022-07-26 10:11:02,180] {taskinstance.py:1377} INFO - Starting attempt 1 of 1
[2022-07-26 10:11:02,182] {taskinstance.py:1378} INFO - 
--------------------------------------------------------------------------------
[2022-07-26 10:11:02,254] {taskinstance.py:1397} INFO - Executing <Task(BashOperator): run_after_loop> on 2022-07-26 10:04:19.324850+00:00
[2022-07-26 10:11:02,281] {standard_task_runner.py:52} INFO - Started process 2067 to run task
[2022-07-26 10:11:02,285] {standard_task_runner.py:79} INFO - Running: ['***', 'tasks', 'run', 'example_bash_operator', 'run_after_loop', 'manual__2022-07-26T10:04:19.324850+00:00', '--job-id', '84', '--raw', '--subdir', '/home/***/.local/lib/python3.7/site-packages/***/example_dags/example_bash_operator.py', '--cfg-path', '/tmp/tmp7omvnyn2', '--error-file', '/tmp/tmp699qfcax']
[2022-07-26 10:11:02,292] {standard_task_runner.py:80} INFO - Job 84: Subtask run_after_loop
[2022-07-26 10:11:03,024] {task_command.py:371} INFO - Running <TaskInstance: example_bash_operator.run_after_loop manual__2022-07-26T10:04:19.324850+00:00 [running]> on host df4c441a8258
[2022-07-26 10:11:03,195] {taskinstance.py:1591} INFO - Exporting the following env vars:
AIRFLOW_CTX_DAG_OWNER=***
AIRFLOW_CTX_DAG_ID=example_bash_operator
AIRFLOW_CTX_TASK_ID=run_after_loop
AIRFLOW_CTX_EXECUTION_DATE=2022-07-26T10:04:19.324850+00:00
AIRFLOW_CTX_TRY_NUMBER=1
AIRFLOW_CTX_DAG_RUN_ID=manual__2022-07-26T10:04:19.324850+00:00
[2022-07-26 10:11:03,198] {subprocess.py:62} INFO - Tmp dir root location: 
 /tmp
[2022-07-26 10:11:03,205] {subprocess.py:74} INFO - Running command: ['bash', '-c', 'echo 1']
[2022-07-26 10:11:03,221] {subprocess.py:85} INFO - Output:
[2022-07-26 10:11:03,223] {subprocess.py:92} INFO - 1
[2022-07-26 10:11:03,224] {subprocess.py:96} INFO - Command exited with return code 0
[2022-07-26 10:11:03,270] {taskinstance.py:1420} INFO - Marking task as SUCCESS. dag_id=example_bash_operator, task_id=run_after_loop, execution_date=20220726T100419, start_date=20220726T101102, end_date=20220726T101103
[2022-07-26 10:11:03,327] {local_task_job.py:156} INFO - Task exited with return code 0
[2022-07-26 10:11:03,384] {local_task_job.py:273} INFO - 0 downstream tasks scheduled from follow-on schedule check
