[2022-07-26 10:06:50,722] {taskinstance.py:1179} INFO - Dependencies all met for <TaskInstance: example_bash_operator.this_will_skip manual__2022-07-26T10:04:19.324850+00:00 [queued]>
[2022-07-26 10:06:55,217] {taskinstance.py:1179} INFO - Dependencies all met for <TaskInstance: example_bash_operator.this_will_skip manual__2022-07-26T10:04:19.324850+00:00 [queued]>
[2022-07-26 10:06:55,596] {taskinstance.py:1376} INFO - 
--------------------------------------------------------------------------------
[2022-07-26 10:06:55,619] {taskinstance.py:1377} INFO - Starting attempt 1 of 1
[2022-07-26 10:06:55,651] {taskinstance.py:1378} INFO - 
--------------------------------------------------------------------------------
[2022-07-26 10:06:59,242] {taskinstance.py:1397} INFO - Executing <Task(BashOperator): this_will_skip> on 2022-07-26 10:04:19.324850+00:00
[2022-07-26 10:06:59,988] {standard_task_runner.py:52} INFO - Started process 1728 to run task
[2022-07-26 10:07:00,507] {standard_task_runner.py:79} INFO - Running: ['***', 'tasks', 'run', 'example_bash_operator', 'this_will_skip', 'manual__2022-07-26T10:04:19.324850+00:00', '--job-id', '77', '--raw', '--subdir', '/home/***/.local/lib/python3.7/site-packages/***/example_dags/example_bash_operator.py', '--cfg-path', '/tmp/tmp8lri7j6t', '--error-file', '/tmp/tmpe_f9gbyg']
[2022-07-26 10:07:00,596] {standard_task_runner.py:80} INFO - Job 77: Subtask this_will_skip
[2022-07-26 10:10:25,300] {task_command.py:371} INFO - Running <TaskInstance: example_bash_operator.this_will_skip manual__2022-07-26T10:04:19.324850+00:00 [running]> on host df4c441a8258
[2022-07-26 10:10:29,946] {taskinstance.py:1591} INFO - Exporting the following env vars:
AIRFLOW_CTX_DAG_OWNER=***
AIRFLOW_CTX_DAG_ID=example_bash_operator
AIRFLOW_CTX_TASK_ID=this_will_skip
AIRFLOW_CTX_EXECUTION_DATE=2022-07-26T10:04:19.324850+00:00
AIRFLOW_CTX_TRY_NUMBER=1
AIRFLOW_CTX_DAG_RUN_ID=manual__2022-07-26T10:04:19.324850+00:00
[2022-07-26 10:10:29,980] {subprocess.py:62} INFO - Tmp dir root location: 
 /tmp
[2022-07-26 10:10:29,999] {subprocess.py:74} INFO - Running command: ['bash', '-c', 'echo "hello world"; exit 99;']
[2022-07-26 10:10:30,276] {subprocess.py:85} INFO - Output:
[2022-07-26 10:10:30,328] {subprocess.py:92} INFO - hello world
[2022-07-26 10:10:30,332] {subprocess.py:96} INFO - Command exited with return code 99
[2022-07-26 10:10:30,346] {taskinstance.py:1498} INFO - Bash command returned exit code 99. Skipping.
[2022-07-26 10:10:30,654] {taskinstance.py:1420} INFO - Marking task as SKIPPED. dag_id=example_bash_operator, task_id=this_will_skip, execution_date=20220726T100419, start_date=20220726T100651, end_date=20220726T101030
[2022-07-26 10:10:31,595] {local_task_job.py:221} WARNING - State of this instance has been externally set to skipped. Terminating instance.
[2022-07-26 10:10:31,949] {process_utils.py:129} INFO - Sending Signals.SIGTERM to group 1728. PIDs of all processes in the group: [1728]
[2022-07-26 10:10:32,034] {process_utils.py:80} INFO - Sending the signal Signals.SIGTERM to group 1728
[2022-07-26 10:10:32,038] {process_utils.py:75} INFO - Process psutil.Process(pid=1728, status='terminated', exitcode=0, started='10:06:59') (1728) terminated with exit code 0
