[2022-07-26 10:08:15,375] {taskinstance.py:1179} INFO - Dependencies all met for <TaskInstance: example_bash_operator.this_will_skip scheduled__2022-07-25T00:00:00+00:00 [queued]>
[2022-07-26 10:08:19,784] {taskinstance.py:1179} INFO - Dependencies all met for <TaskInstance: example_bash_operator.this_will_skip scheduled__2022-07-25T00:00:00+00:00 [queued]>
[2022-07-26 10:08:19,868] {taskinstance.py:1376} INFO - 
--------------------------------------------------------------------------------
[2022-07-26 10:08:19,894] {taskinstance.py:1377} INFO - Starting attempt 2 of 1
[2022-07-26 10:08:19,905] {taskinstance.py:1378} INFO - 
--------------------------------------------------------------------------------
[2022-07-26 10:08:23,370] {taskinstance.py:1397} INFO - Executing <Task(BashOperator): this_will_skip> on 2022-07-25 00:00:00+00:00
[2022-07-26 10:08:25,570] {standard_task_runner.py:52} INFO - Started process 1779 to run task
[2022-07-26 10:08:25,890] {standard_task_runner.py:79} INFO - Running: ['***', 'tasks', 'run', 'example_bash_operator', 'this_will_skip', 'scheduled__2022-07-25T00:00:00+00:00', '--job-id', '81', '--raw', '--subdir', '/home/***/.local/lib/python3.7/site-packages/***/example_dags/example_bash_operator.py', '--cfg-path', '/tmp/tmpsb8jlw53', '--error-file', '/tmp/tmp8y2o0hhe']
[2022-07-26 10:08:25,961] {standard_task_runner.py:80} INFO - Job 81: Subtask this_will_skip
[2022-07-26 10:10:32,095] {task_command.py:371} INFO - Running <TaskInstance: example_bash_operator.this_will_skip scheduled__2022-07-25T00:00:00+00:00 [running]> on host df4c441a8258
[2022-07-26 10:10:50,389] {taskinstance.py:1591} INFO - Exporting the following env vars:
AIRFLOW_CTX_DAG_OWNER=***
AIRFLOW_CTX_DAG_ID=example_bash_operator
AIRFLOW_CTX_TASK_ID=this_will_skip
AIRFLOW_CTX_EXECUTION_DATE=2022-07-25T00:00:00+00:00
AIRFLOW_CTX_TRY_NUMBER=2
AIRFLOW_CTX_DAG_RUN_ID=scheduled__2022-07-25T00:00:00+00:00
[2022-07-26 10:10:50,440] {subprocess.py:62} INFO - Tmp dir root location: 
 /tmp
[2022-07-26 10:10:50,458] {subprocess.py:74} INFO - Running command: ['bash', '-c', 'echo "hello world"; exit 99;']
[2022-07-26 10:10:50,568] {subprocess.py:85} INFO - Output:
[2022-07-26 10:10:50,579] {subprocess.py:92} INFO - hello world
[2022-07-26 10:10:50,581] {subprocess.py:96} INFO - Command exited with return code 99
[2022-07-26 10:10:50,583] {taskinstance.py:1498} INFO - Bash command returned exit code 99. Skipping.
[2022-07-26 10:10:51,595] {taskinstance.py:1420} INFO - Marking task as SKIPPED. dag_id=example_bash_operator, task_id=this_will_skip, execution_date=20220725T000000, start_date=20220726T100816, end_date=20220726T101051
[2022-07-26 10:10:51,962] {local_task_job.py:156} INFO - Task exited with return code 0
[2022-07-26 10:10:59,959] {local_task_job.py:273} INFO - 0 downstream tasks scheduled from follow-on schedule check
